<?xml version="1.0" encoding="UTF-8"?>
<!-- Generated by org.testng.reporters.JUnitReportReporter -->
<testsuite skipped="0" hostname="DESKTOP-VSLFUOU" name="com.sauceLab.sauceLabTest" tests="1" failures="0" timestamp="17 Dec 2018 03:46:27 GMT" time="52.896" errors="0">
  <testcase name="login" time="52.896" classname="com.sauceLab.sauceLabTest"/>
</testsuite> <!-- com.sauceLab.sauceLabTest -->
