<?xml version="1.0" encoding="UTF-8"?>
<!-- Generated by org.testng.reporters.JUnitReportReporter -->
<testsuite skipped="0" hostname="DESKTOP-VSLFUOU" name="mavenProject.websiteTest" tests="3" failures="0" timestamp="17 Dec 2018 03:46:27 GMT" time="26.302" errors="0">
  <testcase name="findTechJobs" time="8.262" classname="mavenProject.websiteTest"/>
  <testcase name="findTechJobs" time="8.869" classname="mavenProject.websiteTest"/>
  <testcase name="findTechJobs" time="9.171" classname="mavenProject.websiteTest"/>
</testsuite> <!-- mavenProject.websiteTest -->
