<?xml version="1.0" encoding="UTF-8"?>
<!-- Generated by org.testng.reporters.JUnitReportReporter -->
<testsuite skipped="0" hostname="DESKTOP-VSLFUOU" name="mavenProject.checkTest" tests="1" failures="0" timestamp="07 Dec 2018 17:17:53 GMT" time="0.000" errors="0">
  <testcase name="print" time="0.000" classname="mavenProject.checkTest"/>
</testsuite> <!-- mavenProject.checkTest -->
