<?xml version="1.0" encoding="UTF-8"?>
<!-- Generated by org.testng.reporters.JUnitReportReporter -->
<testsuite skipped="0" hostname="DESKTOP-VSLFUOU" name="mavenProject.websiteTest" tests="3" failures="0" timestamp="07 Dec 2018 18:57:16 GMT" time="14.313" errors="0">
  <testcase name="findTechJobs" time="4.456" classname="mavenProject.websiteTest"/>
  <testcase name="findTechJobs" time="4.787" classname="mavenProject.websiteTest"/>
  <testcase name="findTechJobs" time="5.070" classname="mavenProject.websiteTest"/>
</testsuite> <!-- mavenProject.websiteTest -->
