<?xml version="1.0" encoding="UTF-8"?>
<!-- Generated by org.testng.reporters.JUnitReportReporter -->
<testsuite skipped="0" hostname="DESKTOP-VSLFUOU" name="mavenProject.OzzyTaskTest" tests="1" failures="0" timestamp="07 Dec 2018 18:57:16 GMT" time="3.935" errors="0">
  <testcase name="Login" time="3.935" classname="mavenProject.OzzyTaskTest"/>
</testsuite> <!-- mavenProject.OzzyTaskTest -->
